2024-04-17T08:14:06+00:00 DEBUG POST: https://business-api.tiktok.com/tbp/v2.0/business_profile/disconnect?external_data=

{"business_platform":"WOO_COMMERCE","external_business_id":"tt4b_woocommerce_661d157639e94"}
 ajax: no
2024-04-17T08:14:07+00:00 DEBUG Tt4b_Mapi_Class::tbp_post: Response: 

HTTP/1.1 200 OK
Content-Type: application/json; charset=utf-8
Content-Length: 95
X-Api-Deprecation-Info: API for Business Version 1.3 is now live. To avoid disruption to your business, we recommend you migrate all calls to v1.3 as soon as possible. Please visit our migration guide for more details: https://ads.tiktok.com/marketing_api/docs?id=1740029169927169
X-Domain-Change-Info: We have moved to the new domain business-api.tiktok.com for API services after the Platform Upgrade on 09/30/2021. Please update all of your requests with the new domain if you haven't done so already. For more information, please visit https://ads.tiktok.com/marketing_api/docs?rid=esb88xalm6m&id=1709207085043713
X-Tt-Logid: 202404170813516673C783DE76D24DD286
Server-Timing: inner; dur=8
x-tt-trace-host: 010783438c3c412ca94573b6f08883938e2c62a4c9324250802b9c6896c294a5a4229d36aac09488296208a2a64da4ef81d9312192254b7781c95a831b2af2432b010353ceb546d122aaa8a54bf2ed081cadf0be982207ed8820138f22801076ac
x-tt-trace-id: 00-2404170813516673C783DE76D24DD286-58CCD37057D72B2F-00
Server: TLB
Expires: Wed, 17 Apr 2024 08:13:52 GMT
Cache-Control: max-age=0, no-cache, no-store
Pragma: no-cache
Date: Wed, 17 Apr 2024 08:13:52 GMT
X-Cache: TCP_MISS from a104-121-76-54.deploy.akamaitechnologies.com (AkamaiGHost/11.4.5-55502997) (-)
Connection: close
x-tt-trace-tag: id=16;cdn-cache=miss;type=dyn
Server-Timing: cdn-cache; desc=MISS, edge; dur=0, origin; dur=178
X-Origin-Response-Time: 178,104.121.76.54
X-Akamai-Request-ID: 13ac9a1a

{"code":40001,"message":"Permission denied.","request_id":"202404170813516673C783DE76D24DD286"}
2024-04-17T08:14:07+00:00 DEBUG POST: https://business-api.tiktok.com/tbp/v2.0/shop/connection/disconnect?external_data=

--- EMPTY STRING ---
 ajax: no
2024-04-17T08:14:07+00:00 DEBUG Tt4b_Mapi_Class::tts_shop_disconnect: Response: 

HTTP/1.1 200 OK
Content-Type: application/json; charset=utf-8
Content-Length: 95
X-Api-Deprecation-Info: API for Business Version 1.3 is now live. To avoid disruption to your business, we recommend you migrate all calls to v1.3 as soon as possible. Please visit our migration guide for more details: https://ads.tiktok.com/marketing_api/docs?id=1740029169927169
X-Domain-Change-Info: We have moved to the new domain business-api.tiktok.com for API services after the Platform Upgrade on 09/30/2021. Please update all of your requests with the new domain if you haven't done so already. For more information, please visit https://ads.tiktok.com/marketing_api/docs?rid=esb88xalm6m&id=1709207085043713
X-Tt-Logid: 202404170813525EF124B90CD85CB0FD43
x-tt-trace-host: 010783438c3c412ca94573b6f08883938e03510ac418691d527a0251cf23afd6156785f03ad58a72fbf7bc0bdb92b6b8ab87f208e4b65dc337debd5070dd413f430542647d443b1b2c2a68e934a54dc239227a10d3c1e56e6c0c9ddcfc9ab781efa2a56e18e4bc427455e019f188702fa2
x-tt-trace-id: 00-2404170813525EF124B90CD85CB0FD43-39DDB971512F81DF-00
Server: TLB
X-Origin-Response-Time: 12,23.211.140.119
X-Akamai-Request-ID: 11ec5592.4911395e
Expires: Wed, 17 Apr 2024 08:13:53 GMT
Cache-Control: max-age=0, no-cache, no-store
Pragma: no-cache
Date: Wed, 17 Apr 2024 08:13:53 GMT
X-Cache: TCP_MISS from a104-121-76-53.deploy.akamaitechnologies.com (AkamaiGHost/11.4.5-55502997) (-)
Connection: close
X-Cache-Remote: TCP_MISS from a23-211-140-119.deploy.akamaitechnologies.com (AkamaiGHost/11.4.5-55502997) (-)
x-tt-trace-tag: id=16;cdn-cache=miss;type=dyn
Server-Timing: cdn-cache; desc=MISS, edge; dur=165, origin; dur=11
Server-Timing: inner; dur=8
X-Parent-Response-Time: 176,104.121.76.53

{"code":40001,"message":"Permission denied.","request_id":"202404170813525EF124B90CD85CB0FD43"}
