2024-04-15T11:54:30+00:00 DEBUG POST: https://ads.tiktok.com/marketing_api/api/developer/app/create_auto_approve/

{"business_platform":"PROD","smb_id":"tt4b_woocommerce_661d157639e94httpenergyhsteduwp-admin","smb_name":"PROD","redirect_url":"http:\/\/energy.hst.edu\/wp-admin\/"}
 ajax: no
2024-04-15T11:54:35+00:00 DEBUG Tt4b_Mapi_Class::create_open_source_app: Response: 

HTTP/1.1 200 OK
Content-Type: application/json
X-Tt-Logid: 20240415115422B8F0FC952F9618053362,20240415115422B8F0FC952F9618053362
Strict-Transport-Security: max-age=31536000; includeSubDomains
x-tt-trace-host: 0108210ec0009e5f471d1ba5a3ee75070da67c35bcfbc28fec670f8751d6812b5f9993c4de3280c50dd01c98c6fcef3e4a7bc1b1f3ebab9e5a233d6cc88281bdf24ace21b529b0c056097dbbda2084c7d71aa68fc61062b9e087913ee3cf0a4a835eaa6b47114c262061698407186d62ec
x-tt-trace-id: 00-240415115422B8F0FC952F9618053362-096E7F78478E02A3-00
Server: TLB
Content-Encoding: gzip
Content-Length: 202
X-Origin-Response-Time: 51,23.48.172.199
X-Akamai-Request-ID: 470f4432.1a2a2e
Date: Mon, 15 Apr 2024 11:54:23 GMT
X-Cache: TCP_MISS from a95-101-133-44.deploy.akamaitechnologies.com (AkamaiGHost/11.4.4.1-55329865) (-)
Connection: close
Vary: Accept-Encoding
X-Cache-Remote: TCP_MISS from a23-48-172-199.deploy.akamaitechnologies.com (AkamaiGHost/11.4.5-55391218) (-)
x-tt-trace-tag: id=16;cdn-cache=miss;type=dyn
Server-Timing: cdn-cache; desc=MISS, edge; dur=186, origin; dur=51
Server-Timing: inner; dur=38
X-Parent-Response-Time: 234,95.101.133.44

{"code":0,"msg":"ok","data":{"external_data_key":"08dff3d4-bffa-4e8b-ae82-3fab626f19d7","app_secret":"0ede69facc8cbd3056237c86a6f0a6573ab45e11","app_id":"7358060935572881426","redirect_uri":"http:\/\/energy.hst.edu\/wp-admin\/"}}
2024-04-15T12:17:16+00:00 DEBUG Tt4b_Pixel_Class::inject_view_content_event: hit ViewContent
2024-04-15T12:17:16+00:00 DEBUG Tt4b_Pixel_Class::inject_view_content_event: Missing option "access_token"
2024-04-15T12:21:45+00:00 DEBUG Tt4b_Pixel_Class::inject_view_content_event: hit ViewContent
2024-04-15T12:21:45+00:00 DEBUG Tt4b_Pixel_Class::inject_view_content_event: Missing option "access_token"
2024-04-15T12:22:08+00:00 DEBUG Tt4b_Pixel_Class::inject_view_content_event: hit ViewContent
2024-04-15T12:22:08+00:00 DEBUG Tt4b_Pixel_Class::inject_view_content_event: Missing option "access_token"
2024-04-15T12:23:18+00:00 DEBUG Tt4b_Pixel_Class::inject_view_content_event: hit ViewContent
2024-04-15T12:23:18+00:00 DEBUG Tt4b_Pixel_Class::inject_view_content_event: Missing option "access_token"
2024-04-15T12:26:51+00:00 DEBUG Tt4b_Pixel_Class::inject_view_content_event: hit ViewContent
2024-04-15T12:26:51+00:00 DEBUG Tt4b_Pixel_Class::inject_view_content_event: Missing option "access_token"
2024-04-15T12:27:15+00:00 DEBUG Tt4b_Pixel_Class::inject_add_to_cart_event: hit AddToCart
2024-04-15T12:27:15+00:00 DEBUG Tt4b_Pixel_Class::inject_add_to_cart_event: Missing option "access_token"
2024-04-15T12:29:54+00:00 DEBUG Tt4b_Pixel_Class::inject_view_content_event: hit ViewContent
2024-04-15T12:29:54+00:00 DEBUG Tt4b_Pixel_Class::inject_view_content_event: Missing option "access_token"
